
> template-tanstack-start@ build /home/xmpl/Idea/expense-app/expense-tracker
> tsr generate && tsc --noEmit && vite build --sourcemap

rolldown-vite v7.3.0 building client environment for production...
[2Ktransforming...✓ 4002 modules transformed.
✗ Build failed in 1.23s
error during build:
Build failed with 1 error:

[plugin @tailwindcss/vite:generate:build] /home/xmpl/Idea/expense-app/expense-tracker/src/styles.css?transform-only
Error: Cannot apply unknown utility class `glass-card`
    at onInvalidCandidate (file:///home/xmpl/Idea/expense-app/expense-tracker/node_modules/.pnpm/tailwindcss@4.1.18/node_modules/tailwindcss/dist/chunk-CT46QCH7.mjs:21:1511)
    at Ce (file:///home/xmpl/Idea/expense-app/expense-tracker/node_modules/.pnpm/tailwindcss@4.1.18/node_modules/tailwindcss/dist/chunk-CT46QCH7.mjs:16:36326)
    at file:///home/xmpl/Idea/expense-app/expense-tracker/node_modules/.pnpm/tailwindcss@4.1.18/node_modules/tailwindcss/dist/chunk-CT46QCH7.mjs:21:355
    at br (file:///home/xmpl/Idea/expense-app/expense-tracker/node_modules/.pnpm/tailwindcss@4.1.18/node_modules/tailwindcss/dist/chunk-CT46QCH7.mjs:3:1718)
    at I (file:///home/xmpl/Idea/expense-app/expense-tracker/node_modules/.pnpm/tailwindcss@4.1.18/node_modules/tailwindcss/dist/chunk-CT46QCH7.mjs:3:1377)
    at Ae (file:///home/xmpl/Idea/expense-app/expense-tracker/node_modules/.pnpm/tailwindcss@4.1.18/node_modules/tailwindcss/dist/chunk-CT46QCH7.mjs:21:172)
    at Wi (file:///home/xmpl/Idea/expense-app/expense-tracker/node_modules/.pnpm/tailwindcss@4.1.18/node_modules/tailwindcss/dist/chunk-CT46QCH7.mjs:38:294)
    at async Za (file:///home/xmpl/Idea/expense-app/expense-tracker/node_modules/.pnpm/tailwindcss@4.1.18/node_modules/tailwindcss/dist/chunk-CT46QCH7.mjs:38:631)
    at async rf (file:///home/xmpl/Idea/expense-app/expense-tracker/node_modules/.pnpm/tailwindcss@4.1.18/node_modules/tailwindcss/dist/chunk-CT46QCH7.mjs:38:1406)
    at async lu (file:///home/xmpl/Idea/expense-app/expense-tracker/node_modules/.pnpm/@tailwindcss+node@4.1.18/node_modules/@tailwindcss/node/dist/index.mjs:10:3458)
    at aggregateBindingErrorsIntoJsError (file:///home/xmpl/Idea/expense-app/expense-tracker/node_modules/.pnpm/rolldown@1.0.0-beta.53/node_modules/rolldown/dist/shared/bindingify-input-options-Bk0BBr2s.mjs:56:18)
    at unwrapBindingResult (file:///home/xmpl/Idea/expense-app/expense-tracker/node_modules/.pnpm/rolldown@1.0.0-beta.53/node_modules/rolldown/dist/shared/bindingify-input-options-Bk0BBr2s.mjs:31:128)
    at #build (file:///home/xmpl/Idea/expense-app/expense-tracker/node_modules/.pnpm/rolldown@1.0.0-beta.53/node_modules/rolldown/dist/shared/rolldown-build-BEU8N80I.mjs:2260:34)
    at async buildEnvironment (file:///home/xmpl/Idea/expense-app/expense-tracker/node_modules/.pnpm/rolldown-vite@7.3.0_@types+node@22.10.2_esbuild@0.27.2_jiti@2.6.1_terser@5.44.1_tsx@4.21.0/node_modules/rolldown-vite/dist/node/chunks/node.js:32804:64)
    at async Object.build (file:///home/xmpl/Idea/expense-app/expense-tracker/node_modules/.pnpm/rolldown-vite@7.3.0_@types+node@22.10.2_esbuild@0.27.2_jiti@2.6.1_terser@5.44.1_tsx@4.21.0/node_modules/rolldown-vite/dist/node/chunks/node.js:33207:19)
    at async Object.buildApp (file:///home/xmpl/Idea/expense-app/expense-tracker/node_modules/.pnpm/@tanstack+start-plugin-core@1.141.7_@tanstack+react-router@1.141.6_react-dom@19.2.3_rea_0488dcdb79f31c951dedd70ca8c01971/node_modules/@tanstack/start-plugin-core/dist/esm/plugin.js:254:17)
    at async Object.buildApp (file:///home/xmpl/Idea/expense-app/expense-tracker/node_modules/.pnpm/rolldown-vite@7.3.0_@types+node@22.10.2_esbuild@0.27.2_jiti@2.6.1_terser@5.44.1_tsx@4.21.0/node_modules/rolldown-vite/dist/node/chunks/node.js:33199:6)
    at async CAC.<anonymous> (file:///home/xmpl/Idea/expense-app/expense-tracker/node_modules/.pnpm/rolldown-vite@7.3.0_@types+node@22.10.2_esbuild@0.27.2_jiti@2.6.1_terser@5.44.1_tsx@4.21.0/node_modules/rolldown-vite/dist/node/cli.js:629:3)
 ELIFECYCLE  Command failed with exit code 1.
